<?xml version="1.0" encoding="UTF-8"?>
<!-- Generated by org.testng.reporters.JUnitReportReporter -->
<testsuite hostname="DESKTOP-31TC28M" failures="0" tests="1" name="com.test.BaseDriver" time="0.058" errors="0" timestamp="2023-04-04T10:40:06 BDT" skipped="0">
  <testcase classname="com.test.BaseDriver" name="test" time="0.058"/>
  <system-out/>
</testsuite> <!-- com.test.BaseDriver -->
