<?xml version="1.0" encoding="UTF-8"?>
<!-- Generated by org.testng.reporters.JUnitReportReporter -->
<testsuite hostname="DESKTOP-31TC28M" failures="0" tests="5" name="Pages.Homepage" time="17.770" errors="0" timestamp="2023-05-11T11:46:17 BDT" skipped="0">
  <testcase classname="Pages.Homepage" name="enterwebsite" time="9.366"/>
  <system-out/>
  <testcase classname="Pages.Homepage" name="loginsection" time="4.075"/>
  <system-out/>
  <testcase classname="Pages.Homepage" name="country" time="1.279"/>
  <system-out/>
  <testcase classname="Pages.Homepage" name="contactfield" time="0.223"/>
  <system-out/>
  <testcase classname="Pages.Homepage" name="useemail" time="2.827"/>
  <system-out/>
</testsuite> <!-- Pages.Homepage -->
